{"total": {"lines":{"total":695,"covered":539,"skipped":0,"pct":77.55},"statements":{"total":774,"covered":591,"skipped":0,"pct":76.35},"functions":{"total":119,"covered":90,"skipped":0,"pct":75.63},"branches":{"total":421,"covered":279,"skipped":0,"pct":66.27},"branchesTrue":{"total":0,"covered":0,"skipped":0,"pct":100}}
,"/var/home/luke/alpha-adk/projects/alpha-memory/src/memory/decay.ts": {"lines":{"total":16,"covered":16,"skipped":0,"pct":100},"functions":{"total":3,"covered":3,"skipped":0,"pct":100},"statements":{"total":16,"covered":16,"skipped":0,"pct":100},"branches":{"total":6,"covered":6,"skipped":0,"pct":100}}
,"/var/home/luke/alpha-adk/projects/alpha-memory/src/memory/importance.ts": {"lines":{"total":26,"covered":26,"skipped":0,"pct":100},"functions":{"total":2,"covered":2,"skipped":0,"pct":100},"statements":{"total":30,"covered":30,"skipped":0,"pct":100},"branches":{"total":12,"covered":12,"skipped":0,"pct":100}}
,"/var/home/luke/alpha-adk/projects/alpha-memory/src/memory/index.ts": {"lines":{"total":323,"covered":239,"skipped":0,"pct":73.99},"functions":{"total":48,"covered":38,"skipped":0,"pct":79.16},"statements":{"total":366,"covered":270,"skipped":0,"pct":73.77},"branches":{"total":208,"covered":130,"skipped":0,"pct":62.5}}
,"/var/home/luke/alpha-adk/projects/alpha-memory/src/memory/reconsolidation.ts": {"lines":{"total":46,"covered":46,"skipped":0,"pct":100},"functions":{"total":11,"covered":11,"skipped":0,"pct":100},"statements":{"total":51,"covered":51,"skipped":0,"pct":100},"branches":{"total":45,"covered":43,"skipped":0,"pct":95.55}}
,"/var/home/luke/alpha-adk/projects/alpha-memory/src/memory/adapters/local.ts": {"lines":{"total":284,"covered":212,"skipped":0,"pct":74.64},"functions":{"total":55,"covered":36,"skipped":0,"pct":65.45},"statements":{"total":311,"covered":224,"skipped":0,"pct":72.02},"branches":{"total":150,"covered":88,"skipped":0,"pct":58.66}}
}
